TN:
SF:src/abstracts/Extsload.sol
DA:11,0
FN:11,Extsload.extsload
FNDA:0,Extsload.extsload
DA:13,0
DA:14,0
DA:19,0
FN:19,Extsload.extsload
FNDA:0,Extsload.extsload
DA:21,0
DA:22,0
DA:23,0
DA:24,0
DA:25,0
DA:26,0
DA:27,0
DA:28,0
DA:29,0
DA:30,0
DA:31,0
DA:32,0
BRDA:32,0,0,-
DA:34,0
DA:39,0
FN:39,Extsload.extsload
FNDA:0,Extsload.extsload
DA:41,0
DA:42,0
DA:43,0
DA:44,0
DA:45,0
DA:46,0
DA:47,0
DA:48,0
DA:49,0
DA:50,0
DA:51,0
DA:52,0
BRDA:52,1,0,-
DA:54,0
FNF:3
FNH:0
LF:31
LH:0
BRF:2
BRH:0
end_of_record
TN:
SF:src/kBatchReceiver.sol
DA:48,0
FN:48,kBatchReceiver.constructor
FNDA:0,kBatchReceiver.constructor
DA:49,0
DA:60,0
FN:60,kBatchReceiver.initialize
FNDA:0,kBatchReceiver.initialize
DA:61,0
BRDA:61,0,0,-
DA:62,0
BRDA:62,1,0,-
DA:63,0
BRDA:63,2,0,-
DA:65,0
DA:66,0
DA:67,0
DA:68,0
DA:70,0
DA:75,0
FN:75,kBatchReceiver.receiveAssets
FNDA:0,kBatchReceiver.receiveAssets
DA:76,0
BRDA:76,3,0,-
DA:77,0
BRDA:77,4,0,-
DA:78,0
DA:80,0
DA:83,0
DA:89,0
FN:89,kBatchReceiver.withdrawForRedemption
FNDA:0,kBatchReceiver.withdrawForRedemption
DA:90,0
BRDA:90,5,0,-
DA:91,0
BRDA:91,6,0,-
DA:92,0
DA:94,0
DA:106,0
FN:106,kBatchReceiver.emergencyWithdraw
FNDA:0,kBatchReceiver.emergencyWithdraw
DA:107,0
BRDA:107,7,0,-
DA:108,0
BRDA:108,8,0,-
DA:109,0
BRDA:109,9,0,-
DA:111,0
BRDA:111,10,0,-
BRDA:111,10,1,-
DA:113,0
DA:116,0
DA:119,0
DA:127,0
FN:127,kBatchReceiver.contractName
FNDA:0,kBatchReceiver.contractName
DA:128,0
DA:132,0
FN:132,kBatchReceiver.contractVersion
FNDA:0,kBatchReceiver.contractVersion
DA:133,0
FNF:7
FNH:0
LF:34
LH:0
BRF:12
BRH:0
end_of_record
TN:
SF:src/kDNStakingVault.sol
DA:112,0
FN:112,kDNStakingVault._getkDNStakingVaultStorage
FNDA:0,kDNStakingVault._getkDNStakingVaultStorage
DA:114,0
DA:186,0
FN:186,kDNStakingVault.whenNotPaused
FNDA:0,kDNStakingVault.whenNotPaused
DA:187,0
BRDA:187,0,0,-
DA:196,0
FN:196,kDNStakingVault.constructor
FNDA:0,kDNStakingVault.constructor
DA:197,0
DA:210,0
FN:210,kDNStakingVault.initialize
FNDA:0,kDNStakingVault.initialize
DA:222,0
BRDA:222,1,0,-
DA:223,0
BRDA:223,2,0,-
DA:224,0
BRDA:224,3,0,-
DA:225,0
BRDA:225,4,0,-
DA:226,0
BRDA:226,5,0,-
DA:227,0
BRDA:227,6,0,-
DA:228,0
BRDA:228,7,0,-
DA:231,0
DA:232,0
DA:233,0
DA:234,0
DA:235,0
DA:238,0
DA:239,0
DA:240,0
DA:241,0
DA:242,0
DA:243,0
DA:244,0
DA:245,0
DA:246,0
DA:247,0
DA:250,0
DA:251,0
DA:252,0
DA:254,0
DA:266,0
FN:266,kDNStakingVault.requestMinterDeposit
FNDA:0,kDNStakingVault.requestMinterDeposit
DA:274,0
DA:276,0
BRDA:276,8,0,-
DA:279,0
DA:280,0
DA:283,0
DA:284,0
DA:285,0
DA:288,0
BRDA:288,9,0,-
DA:289,0
DA:290,0
DA:293,0
DA:295,0
DA:303,0
FN:303,kDNStakingVault.requestMinterRedeem
FNDA:0,kDNStakingVault.requestMinterRedeem
DA:311,0
DA:313,0
BRDA:313,10,0,-
DA:314,0
BRDA:314,11,0,-
DA:317,0
DA:318,0
DA:321,0
DA:322,0
DA:323,0
DA:326,0
DA:329,0
BRDA:329,12,0,-
DA:330,0
DA:331,0
DA:334,0
DA:340,0
FN:340,kDNStakingVault.requestStake
FNDA:0,kDNStakingVault.requestStake
DA:341,0
DA:343,0
BRDA:343,13,0,-
DA:344,0
BRDA:344,14,0,-
DA:347,0
DA:348,0
DA:350,0
DA:353,0
DA:363,0
DA:364,0
DA:367,0
DA:369,0
DA:376,0
FN:376,kDNStakingVault.requestUnstake
FNDA:0,kDNStakingVault.requestUnstake
DA:383,0
DA:385,0
BRDA:385,15,0,-
DA:388,0
DA:389,0
BRDA:389,16,0,-
DA:392,0
DA:393,0
BRDA:393,17,0,-
BRDA:393,17,1,-
DA:395,0
DA:398,0
DA:399,0
DA:400,0
DA:401,0
DA:405,0
DA:406,0
DA:409,0
DA:420,0
DA:421,0
DA:423,0
DA:432,0
FN:432,kDNStakingVault.settleBatch
FNDA:0,kDNStakingVault.settleBatch
DA:433,0
DA:436,0
BRDA:436,18,0,-
DA:437,0
BRDA:437,19,0,-
DA:440,0
BRDA:440,20,0,-
DA:443,0
BRDA:443,21,0,-
DA:444,0
DA:447,0
DA:450,0
DA:451,0
DA:453,0
BRDA:453,22,0,-
BRDA:453,22,1,-
DA:454,0
DA:456,0
BRDA:456,23,0,-
DA:457,0
BRDA:457,24,0,-
DA:458,0
DA:460,0
BRDA:460,25,0,-
DA:464,0
DA:465,0
DA:467,0
BRDA:467,26,0,-
BRDA:467,26,1,-
DA:470,0
DA:471,0
BRDA:471,27,0,-
DA:474,0
DA:478,0
DA:481,0
DA:482,0
DA:483,0
DA:484,0
DA:485,0
DA:487,0
DA:488,0
DA:492,0
DA:495,0
DA:502,0
FN:502,kDNStakingVault.settleStakingBatch
FNDA:0,kDNStakingVault.settleStakingBatch
DA:507,0
DA:510,0
BRDA:510,28,0,-
DA:511,0
BRDA:511,29,0,-
DA:514,0
BRDA:514,30,0,-
DA:517,0
BRDA:517,31,0,-
DA:518,0
DA:521,0
DA:523,0
BRDA:523,32,0,-
DA:525,0
DA:526,0
DA:527,0
DA:528,0
DA:533,0
DA:534,0
DA:537,0
BRDA:537,33,0,-
DA:538,0
DA:539,0
BRDA:539,34,0,-
DA:541,0
DA:543,0
BRDA:543,35,0,-
DA:544,0
DA:546,0
DA:551,0
DA:556,0
DA:559,0
DA:560,0
DA:561,0
DA:564,0
DA:565,0
DA:566,0
DA:567,0
DA:568,0
DA:569,0
DA:573,0
DA:576,0
DA:584,0
FN:584,kDNStakingVault.settleUnstakingBatch
FNDA:0,kDNStakingVault.settleUnstakingBatch
DA:590,0
DA:593,0
BRDA:593,36,0,-
DA:594,0
BRDA:594,37,0,-
DA:597,0
BRDA:597,38,0,-
DA:600,0
BRDA:600,39,0,-
DA:601,0
DA:604,0
DA:606,0
BRDA:606,40,0,-
DA:608,0
DA:609,0
DA:610,0
DA:611,0
DA:615,0
DA:616,0
DA:619,0
BRDA:619,41,0,-
DA:620,0
DA:621,0
BRDA:621,42,0,-
DA:623,0
DA:625,0
BRDA:625,43,0,-
DA:626,0
DA:628,0
DA:633,0
DA:634,0
DA:637,0
DA:640,0
BRDA:640,44,0,-
DA:641,0
DA:645,0
DA:646,0
DA:647,0
DA:650,0
DA:651,0
DA:652,0
DA:653,0
DA:654,0
DA:655,0
DA:658,0
DA:660,0
DA:670,0
FN:670,kDNStakingVault.claimStakedShares
FNDA:0,kDNStakingVault.claimStakedShares
DA:671,0
DA:674,0
BRDA:674,45,0,-
DA:676,0
DA:677,0
BRDA:677,46,0,-
DA:680,0
BRDA:680,47,0,-
DA:682,0
DA:683,0
BRDA:683,48,0,-
DA:686,0
BRDA:686,49,0,-
DA:689,0
DA:692,0
DA:695,0
DA:698,0
DA:701,0
DA:703,0
DA:704,0
DA:710,0
FN:710,kDNStakingVault.claimUnstakedAssets
FNDA:0,kDNStakingVault.claimUnstakedAssets
DA:711,0
DA:714,0
BRDA:714,50,0,-
DA:716,0
DA:717,0
BRDA:717,51,0,-
DA:720,0
BRDA:720,52,0,-
DA:722,0
DA:723,0
BRDA:723,53,0,-
DA:726,0
BRDA:726,54,0,-
DA:729,0
DA:731,0
DA:733,0
DA:734,0
DA:736,0
DA:738,0
DA:748,0
FN:748,kDNStakingVault.isAuthorizedMinter
FNDA:0,kDNStakingVault.isAuthorizedMinter
DA:749,0
DA:755,0
FN:755,kDNStakingVault.isBatchSettled
FNDA:0,kDNStakingVault.isBatchSettled
DA:756,0
DA:757,0
DA:761,0
FN:761,kDNStakingVault.getTotalVaultAssets
FNDA:0,kDNStakingVault.getTotalVaultAssets
DA:762,0
DA:765,0
DA:770,0
FN:770,kDNStakingVault.getTotalUserAssets
FNDA:0,kDNStakingVault.getTotalUserAssets
DA:771,0
DA:773,0
DA:774,0
DA:775,0
DA:779,0
DA:788,0
FN:788,kDNStakingVault.asset
FNDA:0,kDNStakingVault.asset
DA:789,0
DA:794,0
FN:794,kDNStakingVault.name
FNDA:0,kDNStakingVault.name
DA:795,0
DA:800,0
FN:800,kDNStakingVault.symbol
FNDA:0,kDNStakingVault.symbol
DA:801,0
DA:806,0
FN:806,kDNStakingVault.decimals
FNDA:0,kDNStakingVault.decimals
DA:807,0
DA:816,0
FN:816,kDNStakingVault.grantAdminRole
FNDA:0,kDNStakingVault.grantAdminRole
DA:817,0
DA:822,0
FN:822,kDNStakingVault.revokeAdminRole
FNDA:0,kDNStakingVault.revokeAdminRole
DA:823,0
DA:828,0
FN:828,kDNStakingVault.grantMinterRole
FNDA:0,kDNStakingVault.grantMinterRole
DA:829,0
DA:834,0
FN:834,kDNStakingVault.revokeMinterRole
FNDA:0,kDNStakingVault.revokeMinterRole
DA:835,0
DA:840,0
FN:840,kDNStakingVault.grantSettlerRole
FNDA:0,kDNStakingVault.grantSettlerRole
DA:841,0
DA:846,0
FN:846,kDNStakingVault.revokeSettlerRole
FNDA:0,kDNStakingVault.revokeSettlerRole
DA:847,0
DA:852,0
FN:852,kDNStakingVault.grantStrategyManagerRole
FNDA:0,kDNStakingVault.grantStrategyManagerRole
DA:853,0
DA:858,0
FN:858,kDNStakingVault.revokeStrategyManagerRole
FNDA:0,kDNStakingVault.revokeStrategyManagerRole
DA:859,0
DA:864,0
FN:864,kDNStakingVault.rebaseStkTokens
FNDA:0,kDNStakingVault.rebaseStkTokens
DA:865,0
DA:867,0
BRDA:867,55,0,-
DA:868,0
BRDA:868,56,0,-
DA:871,0
DA:874,0
BRDA:874,57,0,-
DA:875,0
DA:878,0
DA:882,0
FN:882,kDNStakingVault.syncYield
FNDA:0,kDNStakingVault.syncYield
DA:883,0
DA:885,0
DA:886,0
DA:888,0
BRDA:888,58,0,-
DA:890,0
DA:893,0
BRDA:893,59,0,-
DA:895,0
DA:897,0
DA:903,0
FN:903,kDNStakingVault.distributeYield
FNDA:0,kDNStakingVault.distributeYield
DA:904,0
DA:906,0
BRDA:906,60,0,-
DA:907,0
BRDA:907,61,0,-
DA:910,0
DA:911,0
DA:914,0
DA:920,0
FN:920,kDNStakingVault.transferYieldToUser
FNDA:0,kDNStakingVault.transferYieldToUser
DA:921,0
DA:923,0
BRDA:923,62,0,-
DA:924,0
BRDA:924,63,0,-
DA:925,0
BRDA:925,64,0,-
DA:928,0
DA:931,0
DA:932,0
DA:935,0
DA:937,0
DA:942,0
FN:942,kDNStakingVault.setStrategyManager
FNDA:0,kDNStakingVault.setStrategyManager
DA:943,0
BRDA:943,65,0,-
DA:944,0
DA:945,0
DA:946,0
DA:951,0
FN:951,kDNStakingVault.setVarianceRecipient
FNDA:0,kDNStakingVault.setVarianceRecipient
DA:952,0
BRDA:952,66,0,-
DA:953,0
DA:958,0
FN:958,kDNStakingVault.setSettlementInterval
FNDA:0,kDNStakingVault.setSettlementInterval
DA:959,0
BRDA:959,67,0,-
DA:960,0
DA:965,0
FN:965,kDNStakingVault.setPaused
FNDA:0,kDNStakingVault.setPaused
DA:966,0
DA:967,0
DA:974,0
FN:974,kDNStakingVault.emergencyWithdraw
FNDA:0,kDNStakingVault.emergencyWithdraw
DA:975,0
BRDA:975,68,0,-
DA:976,0
BRDA:976,69,0,-
DA:977,0
BRDA:977,70,0,-
DA:979,0
BRDA:979,71,0,-
BRDA:979,71,1,-
DA:981,0
DA:984,0
DA:987,0
DA:997,0
FN:997,kDNStakingVault._processMinterPositions
FNDA:0,kDNStakingVault._processMinterPositions
DA:998,0
DA:1000,0
DA:1001,0
DA:1002,0
DA:1004,0
DA:1005,0
DA:1006,0
DA:1007,0
DA:1009,0
BRDA:1009,72,0,-
BRDA:1009,72,1,-
DA:1011,0
DA:1013,0
BRDA:1013,73,0,-
DA:1015,0
DA:1020,0
DA:1023,0
DA:1032,0
FN:1032,kDNStakingVault._processMinterDeposit
FNDA:0,kDNStakingVault._processMinterDeposit
DA:1034,0
DA:1035,0
DA:1036,0
DA:1044,0
FN:1044,kDNStakingVault._processMinterRedeem
FNDA:0,kDNStakingVault._processMinterRedeem
DA:1051,0
BRDA:1051,74,0,-
DA:1052,0
DA:1055,0
DA:1056,0
DA:1058,0
DA:1060,0
DA:1066,0
FN:1066,kDNStakingVault._calculateShares
FNDA:0,kDNStakingVault._calculateShares
DA:1067,0
DA:1068,0
DA:1069,0
DA:1075,0
FN:1075,kDNStakingVault._safeToUint96
FNDA:0,kDNStakingVault._safeToUint96
DA:1076,0
BRDA:1076,75,0,-
DA:1077,0
DA:1083,0
FN:1083,kDNStakingVault._safeToUint64
FNDA:0,kDNStakingVault._safeToUint64
DA:1084,0
BRDA:1084,76,0,-
DA:1085,0
DA:1095,0
FN:1095,kDNStakingVault._authorizeUpgrade
FNDA:0,kDNStakingVault._authorizeUpgrade
DA:1096,0
BRDA:1096,77,0,-
DA:1105,0
FN:1105,kDNStakingVault.contractName
FNDA:0,kDNStakingVault.contractName
DA:1106,0
DA:1111,0
FN:1111,kDNStakingVault.contractVersion
FNDA:0,kDNStakingVault.contractVersion
DA:1112,0
FNF:47
FNH:0
LF:362
LH:0
BRF:83
BRH:0
end_of_record
TN:
SF:src/kMinter.sol
DA:79,0
FN:79,kMinter._getkMinterStorage
FNDA:0,kMinter._getkMinterStorage
DA:81,0
DA:131,0
FN:131,kMinter.whenNotPaused
FNDA:0,kMinter.whenNotPaused
DA:132,0
BRDA:132,0,0,-
DA:141,0
FN:141,kMinter.constructor
FNDA:0,kMinter.constructor
DA:142,0
DA:147,0
FN:147,kMinter.initialize
FNDA:0,kMinter.initialize
DA:148,0
BRDA:148,1,0,-
DA:149,0
BRDA:149,2,0,-
DA:150,0
BRDA:150,3,0,-
DA:151,0
BRDA:151,4,0,-
DA:152,0
BRDA:152,5,0,-
DA:153,0
BRDA:153,6,0,-
DA:154,0
BRDA:154,7,0,-
DA:157,0
DA:158,0
DA:159,0
DA:160,0
DA:161,0
DA:164,0
DA:165,0
DA:166,0
DA:167,0
DA:169,0
DA:172,0
DA:175,0
DA:178,0
DA:181,0
BRDA:181,8,0,-
DA:182,0
DA:193,0
FN:193,kMinter.mint
FNDA:0,kMinter.mint
DA:200,0
DA:201,0
BRDA:201,9,0,-
DA:202,0
BRDA:202,10,0,-
DA:205,0
BRDA:205,11,0,-
DA:206,0
BRDA:206,12,0,-
DA:209,0
DA:212,0
DA:215,0
DA:218,0
DA:221,0
DA:223,0
DA:230,0
FN:230,kMinter.requestRedeem
FNDA:0,kMinter.requestRedeem
DA:238,0
DA:239,0
BRDA:239,13,0,-
DA:240,0
BRDA:240,14,0,-
DA:243,0
BRDA:243,15,0,-
DA:244,0
BRDA:244,16,0,-
DA:247,0
BRDA:247,17,0,-
DA:248,0
DA:252,0
DA:255,0
DA:258,0
BRDA:258,18,0,-
DA:259,0
DA:263,0
DA:274,0
DA:277,0
DA:278,0
DA:282,0
DA:285,0
DA:289,0
DA:291,0
DA:296,0
FN:296,kMinter.redeem
FNDA:0,kMinter.redeem
DA:297,0
DA:298,0
DA:301,0
BRDA:301,19,0,-
DA:302,0
BRDA:302,20,0,-
DA:303,0
BRDA:303,21,0,-
DA:306,0
DA:307,0
BRDA:307,22,0,-
DA:308,0
DA:312,0
BRDA:312,23,0,-
DA:313,0
DA:317,0
BRDA:317,24,0,-
DA:318,0
DA:322,0
DA:323,0
BRDA:323,25,0,-
DA:324,0
DA:328,0
DA:329,0
DA:332,0
DA:333,0
DA:335,0
DA:338,0
DA:343,0
FN:343,kMinter.cancelRequest
FNDA:0,kMinter.cancelRequest
DA:344,0
DA:345,0
DA:348,0
BRDA:348,26,0,-
DA:349,0
BRDA:349,27,0,-
DA:352,0
DA:353,0
BRDA:353,28,0,-
DA:354,0
DA:362,0
DA:363,0
DA:366,0
DA:368,0
DA:371,0
DA:382,0
FN:382,kMinter.notifyKDNBatchAssetsReceived
FNDA:0,kMinter.notifyKDNBatchAssetsReceived
DA:387,0
BRDA:387,29,0,-
DA:388,0
DA:391,0
DA:392,0
BRDA:392,30,0,-
DA:393,0
DA:396,0
DA:404,0
FN:404,kMinter.asset
FNDA:0,kMinter.asset
DA:405,0
DA:409,0
FN:409,kMinter.kToken
FNDA:0,kMinter.kToken
DA:410,0
DA:414,0
FN:414,kMinter.kDNStaking
FNDA:0,kMinter.kDNStaking
DA:415,0
DA:421,0
FN:421,kMinter.getBatchReceiver
FNDA:0,kMinter.getBatchReceiver
DA:422,0
DA:426,0
FN:426,kMinter.isAuthorizedMinter
FNDA:0,kMinter.isAuthorizedMinter
DA:427,0
DA:436,0
FN:436,kMinter.grantAdminRole
FNDA:0,kMinter.grantAdminRole
DA:437,0
DA:442,0
FN:442,kMinter.revokeAdminRole
FNDA:0,kMinter.revokeAdminRole
DA:443,0
DA:448,0
FN:448,kMinter.setKDNStaking
FNDA:0,kMinter.setKDNStaking
DA:449,0
BRDA:449,31,0,-
DA:450,0
DA:451,0
DA:454,0
DA:456,0
DA:461,0
FN:461,kMinter.setDustAmount
FNDA:0,kMinter.setDustAmount
DA:462,0
DA:463,0
DA:467,0
FN:467,kMinter.forceCreateNewBatch
FNDA:0,kMinter.forceCreateNewBatch
DA:468,0
DA:473,0
FN:473,kMinter.grantEmergencyRole
FNDA:0,kMinter.grantEmergencyRole
DA:474,0
DA:479,0
FN:479,kMinter.revokeEmergencyRole
FNDA:0,kMinter.revokeEmergencyRole
DA:480,0
DA:485,0
FN:485,kMinter.grantInstitutionRole
FNDA:0,kMinter.grantInstitutionRole
DA:486,0
DA:491,0
FN:491,kMinter.revokeInstitutionRole
FNDA:0,kMinter.revokeInstitutionRole
DA:492,0
DA:497,0
FN:497,kMinter.grantSettlerRole
FNDA:0,kMinter.grantSettlerRole
DA:498,0
DA:503,0
FN:503,kMinter.revokeSettlerRole
FNDA:0,kMinter.revokeSettlerRole
DA:504,0
DA:509,0
FN:509,kMinter.setPaused
FNDA:0,kMinter.setPaused
DA:510,0
DA:511,0
DA:518,0
FN:518,kMinter.emergencyWithdraw
FNDA:0,kMinter.emergencyWithdraw
DA:519,0
BRDA:519,32,0,-
DA:520,0
BRDA:520,33,0,-
DA:521,0
BRDA:521,34,0,-
DA:523,0
BRDA:523,35,0,-
BRDA:523,35,1,-
DA:525,0
DA:528,0
DA:531,0
DA:541,0
FN:541,kMinter._safeToUint96
FNDA:0,kMinter._safeToUint96
DA:542,0
BRDA:542,36,0,-
DA:543,0
DA:549,0
FN:549,kMinter._safeToUint64
FNDA:0,kMinter._safeToUint64
DA:550,0
BRDA:550,37,0,-
DA:551,0
DA:555,0
FN:555,kMinter._registerAsAuthorizedMinter
FNDA:0,kMinter._registerAsAuthorizedMinter
DA:556,0
DA:559,0
DA:561,0
DA:565,0
FN:565,kMinter._createNewTimeBatch
FNDA:0,kMinter._createNewTimeBatch
DA:566,0
DA:567,0
DA:568,0
DA:570,0
DA:579,0
DA:583,0
FN:583,kMinter._getTargetBatchId
FNDA:0,kMinter._getTargetBatchId
DA:584,0
DA:585,0
DA:588,0
BRDA:588,38,0,-
DA:589,0
DA:590,0
DA:593,0
DA:597,0
FN:597,kMinter._deployBatchReceiverForBatch
FNDA:0,kMinter._deployBatchReceiverForBatch
DA:598,0
DA:600,0
BRDA:600,39,0,-
DA:601,0
DA:605,0
DA:606,0
DA:609,0
DA:612,0
DA:614,0
DA:622,0
FN:622,kMinter._generateRequestId
FNDA:0,kMinter._generateRequestId
DA:623,0
DA:624,0
DA:625,0
DA:630,0
FN:630,kMinter._markRequestExecuted
FNDA:0,kMinter._markRequestExecuted
DA:631,0
DA:636,0
FN:636,kMinter._markRequestCancelled
FNDA:0,kMinter._markRequestCancelled
DA:637,0
DA:647,0
FN:647,kMinter._authorizeUpgrade
FNDA:0,kMinter._authorizeUpgrade
DA:648,0
BRDA:648,40,0,-
DA:657,0
FN:657,kMinter.contractName
FNDA:0,kMinter.contractName
DA:658,0
DA:663,0
FN:663,kMinter.contractVersion
FNDA:0,kMinter.contractVersion
DA:664,0
FNF:39
FNH:0
LF:197
LH:0
BRF:42
BRH:0
end_of_record
TN:
SF:src/kStrategyManager.sol
DA:74,0
FN:74,kStrategyManager._getkStrategyManagerStorage
FNDA:0,kStrategyManager._getkStrategyManagerStorage
DA:76,0
DA:112,0
FN:112,kStrategyManager.whenNotPaused
FNDA:0,kStrategyManager.whenNotPaused
DA:113,0
BRDA:113,0,0,-
DA:121,0
FN:121,kStrategyManager.constructor
FNDA:0,kStrategyManager.constructor
DA:122,0
DA:130,0
FN:130,kStrategyManager.initialize
FNDA:0,kStrategyManager.initialize
DA:138,0
BRDA:138,1,0,-
DA:139,0
BRDA:139,2,0,-
DA:140,0
BRDA:140,3,0,-
DA:143,0
DA:144,0
DA:145,0
DA:146,0
DA:151,0
DA:152,0
DA:153,0
DA:154,0
DA:155,0
DA:172,0
FN:172,kStrategyManager.settleAndAllocate
FNDA:0,kStrategyManager.settleAndAllocate
DA:182,0
DA:185,0
BRDA:185,4,0,-
DA:186,0
DA:190,0
DA:193,0
DA:203,0
DA:206,0
DA:208,0
DA:213,0
FN:213,kStrategyManager.emergencySettle
FNDA:0,kStrategyManager.emergencySettle
DA:221,0
DA:237,0
FN:237,kStrategyManager.executeAllocation
FNDA:0,kStrategyManager.executeAllocation
DA:243,0
DA:244,0
DA:252,0
FN:252,kStrategyManager.getAdapterConfig
FNDA:0,kStrategyManager.getAdapterConfig
DA:253,0
DA:257,0
FN:257,kStrategyManager.getNonce
FNDA:0,kStrategyManager.getNonce
DA:258,0
DA:262,0
FN:262,kStrategyManager.getRegisteredAdapters
FNDA:0,kStrategyManager.getRegisteredAdapters
DA:263,0
DA:271,0
FN:271,kStrategyManager.registerAdapter
FNDA:0,kStrategyManager.registerAdapter
DA:277,0
BRDA:277,5,0,-
DA:278,0
BRDA:278,6,0,-
DA:280,0
DA:282,0
DA:283,0
BRDA:283,7,0,-
DA:284,0
DA:287,0
DA:288,0
DA:289,0
DA:291,0
DA:295,0
FN:295,kStrategyManager.updateAdapter
FNDA:0,kStrategyManager.updateAdapter
DA:296,0
BRDA:296,8,0,-
DA:298,0
DA:299,0
DA:301,0
BRDA:301,9,0,-
DA:302,0
DA:305,0
DA:306,0
DA:308,0
DA:312,0
FN:312,kStrategyManager.setSettlementInterval
FNDA:0,kStrategyManager.setSettlementInterval
DA:313,0
DA:314,0
DA:315,0
DA:316,0
DA:320,0
FN:320,kStrategyManager.setPaused
FNDA:0,kStrategyManager.setPaused
DA:321,0
DA:328,0
FN:328,kStrategyManager.emergencyWithdraw
FNDA:0,kStrategyManager.emergencyWithdraw
DA:329,0
BRDA:329,10,0,-
DA:330,0
BRDA:330,11,0,-
DA:331,0
BRDA:331,12,0,-
DA:333,0
BRDA:333,13,0,-
BRDA:333,13,1,-
DA:335,0
DA:338,0
DA:341,0
DA:349,0
FN:349,kStrategyManager._validateAllocationOrder
FNDA:0,kStrategyManager._validateAllocationOrder
DA:350,0
DA:353,0
BRDA:353,14,0,-
DA:356,0
DA:357,0
BRDA:357,15,0,-
DA:360,0
DA:361,0
DA:363,0
DA:364,0
BRDA:364,16,0,-
DA:367,0
DA:370,0
DA:374,0
FN:374,kStrategyManager._validateAllocations
FNDA:0,kStrategyManager._validateAllocations
DA:375,0
BRDA:375,17,0,-
DA:377,0
DA:378,0
DA:380,0
DA:381,0
DA:384,0
BRDA:384,18,0,-
DA:387,0
DA:388,0
DA:389,0
DA:391,0
BRDA:391,19,0,-
DA:393,0
DA:397,0
BRDA:397,20,0,-
DA:400,0
BRDA:400,21,0,-
DA:401,0
DA:406,0
FN:406,kStrategyManager._executeAllocations
FNDA:0,kStrategyManager._executeAllocations
DA:407,0
DA:409,0
DA:410,0
DA:413,0
DA:414,0
DA:417,0
DA:419,0
DA:424,0
FN:424,kStrategyManager._executeAllocation
FNDA:0,kStrategyManager._executeAllocation
DA:425,0
BRDA:425,22,0,-
BRDA:425,22,1,-
DA:427,0
DA:428,0
BRDA:428,23,0,-
BRDA:428,23,1,-
DA:430,0
DA:431,0
BRDA:431,24,0,-
DA:433,0
DA:438,0
FN:438,kStrategyManager._executeERC7540Deposit
FNDA:0,kStrategyManager._executeERC7540Deposit
DA:441,0
DA:442,0
DA:445,0
DA:448,0
DA:453,0
BRDA:453,25,0,-
BRDA:453,25,1,-
DA:457,0
FN:457,kStrategyManager._executeLendingDeposit
FNDA:0,kStrategyManager._executeLendingDeposit
DA:459,0
DA:460,0
DA:462,0
DA:465,0
DA:466,0
BRDA:466,26,0,-
BRDA:466,26,1,-
DA:470,0
FN:470,kStrategyManager._settleVaultBatches
FNDA:0,kStrategyManager._settleVaultBatches
DA:478,0
DA:481,0
BRDA:481,27,0,-
DA:482,0
DA:485,0
BRDA:485,28,0,-
BRDA:485,28,1,-
DA:489,0
BRDA:489,29,0,-
DA:490,0
DA:499,0
BRDA:499,30,0,-
BRDA:499,30,1,-
DA:504,0
FN:504,kStrategyManager._hashAllocationOrder
FNDA:0,kStrategyManager._hashAllocationOrder
DA:505,0
DA:507,0
DA:508,0
DA:519,0
DA:535,0
FN:535,kStrategyManager._domainNameAndVersion
FNDA:0,kStrategyManager._domainNameAndVersion
DA:536,0
DA:543,0
FN:543,kStrategyManager._authorizeUpgrade
FNDA:0,kStrategyManager._authorizeUpgrade
DA:544,0
BRDA:544,31,0,-
DA:551,0
FN:551,kStrategyManager.contractName
FNDA:0,kStrategyManager.contractName
DA:552,0
DA:555,0
FN:555,kStrategyManager.contractVersion
FNDA:0,kStrategyManager.contractVersion
DA:556,0
FNF:27
FNH:0
LF:148
LH:0
BRF:39
BRH:0
end_of_record
TN:
SF:src/kToken.sol
DA:44,2429
FN:44,kToken._getkTokenStorage
FNDA:2429,kToken._getkTokenStorage
DA:46,2429
DA:76,781
FN:76,kToken.whenNotPaused
FNDA:781,kToken.whenNotPaused
DA:77,1
BRDA:77,0,0,1
DA:87,48
FN:87,kToken.constructor
FNDA:48,kToken.constructor
DA:88,48
DA:100,50
FN:100,kToken.initialize
FNDA:50,kToken.initialize
DA:109,48
BRDA:109,1,0,-
DA:110,48
BRDA:110,2,0,-
DA:113,48
DA:114,48
DA:115,48
DA:116,48
DA:119,48
DA:120,48
DA:121,48
DA:122,48
DA:124,48
DA:135,781
FN:135,kToken.mint
FNDA:781,kToken.mint
DA:136,779
DA:137,779
DA:144,259
FN:144,kToken.burn
FNDA:259,kToken.burn
DA:145,257
DA:146,257
DA:153,4
FN:153,kToken.burnFrom
FNDA:4,kToken.burnFrom
DA:154,2
DA:155,1
DA:156,1
DA:166,3
FN:166,kToken.name
FNDA:3,kToken.name
DA:167,3
DA:173,3
FN:173,kToken.symbol
FNDA:3,kToken.symbol
DA:174,3
DA:180,3
FN:180,kToken.decimals
FNDA:3,kToken.decimals
DA:181,3
DA:187,7
FN:187,kToken.isPaused
FNDA:7,kToken.isPaused
DA:188,7
DA:197,3
FN:197,kToken.grantAdminRole
FNDA:3,kToken.grantAdminRole
DA:198,2
DA:203,1
FN:203,kToken.revokeAdminRole
FNDA:1,kToken.revokeAdminRole
DA:204,1
DA:209,3
FN:209,kToken.grantEmergencyRole
FNDA:3,kToken.grantEmergencyRole
DA:210,2
DA:215,1
FN:215,kToken.revokeEmergencyRole
FNDA:1,kToken.revokeEmergencyRole
DA:216,1
DA:222,3
FN:222,kToken.grantMinterRole
FNDA:3,kToken.grantMinterRole
DA:223,2
DA:229,1
FN:229,kToken.revokeMinterRole
FNDA:1,kToken.revokeMinterRole
DA:230,1
DA:236,18
FN:236,kToken.setPaused
FNDA:18,kToken.setPaused
DA:237,17
DA:238,17
DA:246,6
FN:246,kToken.emergencyWithdraw
FNDA:6,kToken.emergencyWithdraw
DA:247,5
DA:248,5
BRDA:248,3,0,1
DA:249,4
BRDA:249,4,0,1
DA:250,3
BRDA:250,5,0,1
DA:252,2
BRDA:252,6,0,1
BRDA:252,6,1,1
DA:254,1
DA:257,1
DA:260,2
DA:272,1299
FN:272,kToken._beforeTokenTransfer
FNDA:1299,kToken._beforeTokenTransfer
DA:273,1295
DA:283,0
FN:283,kToken._authorizeUpgrade
FNDA:0,kToken._authorizeUpgrade
DA:284,0
BRDA:284,7,0,-
DA:285,0
DA:295,1
FN:295,kToken.contractName
FNDA:1,kToken.contractName
DA:296,1
DA:302,1
FN:302,kToken.contractVersion
FNDA:1,kToken.contractVersion
DA:303,1
FNF:23
FNH:22
LF:69
LH:66
BRF:9
BRH:6
end_of_record
TN:
SF:test/helpers/MockToken.sol
DA:13,94
FN:13,MockToken.constructor
FNDA:94,MockToken.constructor
DA:14,94
DA:15,94
DA:16,94
DA:19,0
FN:19,MockToken.name
FNDA:0,MockToken.name
DA:20,0
DA:23,0
FN:23,MockToken.symbol
FNDA:0,MockToken.symbol
DA:24,0
DA:27,0
FN:27,MockToken.decimals
FNDA:0,MockToken.decimals
DA:28,0
DA:32,236
FN:32,MockToken.mint
FNDA:236,MockToken.mint
DA:33,236
DA:37,0
FN:37,MockToken.burn
FNDA:0,MockToken.burn
DA:38,0
FNF:6
FNH:2
LF:14
LH:6
BRF:0
BRH:0
end_of_record
TN:
SF:test/helpers/TestToken.sol
DA:54,0
FN:54,TestToken.whenNotPaused
FNDA:0,TestToken.whenNotPaused
DA:55,0
BRDA:55,0,0,-
DA:67,0
FN:67,TestToken.initialize
FNDA:0,TestToken.initialize
DA:76,0
BRDA:76,1,0,-
DA:77,0
BRDA:77,2,0,-
DA:80,0
DA:81,0
DA:82,0
DA:83,0
DA:86,0
DA:87,0
DA:88,0
DA:90,0
DA:97,0
FN:97,TestToken.mint
FNDA:0,TestToken.mint
DA:98,0
DA:99,0
DA:102,0
FN:102,TestToken.burn
FNDA:0,TestToken.burn
DA:103,0
DA:104,0
DA:107,0
FN:107,TestToken.burnFrom
FNDA:0,TestToken.burnFrom
DA:108,0
DA:109,0
DA:110,0
DA:117,0
FN:117,TestToken.name
FNDA:0,TestToken.name
DA:118,0
DA:121,0
FN:121,TestToken.symbol
FNDA:0,TestToken.symbol
DA:122,0
DA:125,0
FN:125,TestToken.decimals
FNDA:0,TestToken.decimals
DA:126,0
DA:133,0
FN:133,TestToken.grantAdminRole
FNDA:0,TestToken.grantAdminRole
DA:134,0
DA:137,0
FN:137,TestToken.revokeAdminRole
FNDA:0,TestToken.revokeAdminRole
DA:138,0
DA:141,0
FN:141,TestToken.grantEmergencyRole
FNDA:0,TestToken.grantEmergencyRole
DA:142,0
DA:145,0
FN:145,TestToken.revokeEmergencyRole
FNDA:0,TestToken.revokeEmergencyRole
DA:146,0
DA:149,0
FN:149,TestToken.grantMinterRole
FNDA:0,TestToken.grantMinterRole
DA:150,0
DA:153,0
FN:153,TestToken.revokeMinterRole
FNDA:0,TestToken.revokeMinterRole
DA:154,0
DA:157,0
FN:157,TestToken.setPaused
FNDA:0,TestToken.setPaused
DA:158,0
DA:159,0
DA:162,0
FN:162,TestToken.emergencyWithdraw
FNDA:0,TestToken.emergencyWithdraw
DA:163,0
BRDA:163,3,0,-
DA:164,0
BRDA:164,4,0,-
DA:165,0
BRDA:165,5,0,-
DA:167,0
BRDA:167,6,0,-
BRDA:167,6,1,-
DA:169,0
DA:172,0
DA:175,0
DA:182,0
FN:182,TestToken._beforeTokenTransfer
FNDA:0,TestToken._beforeTokenTransfer
DA:183,0
DA:190,0
FN:190,TestToken.contractName
FNDA:0,TestToken.contractName
DA:191,0
DA:194,0
FN:194,TestToken.contractVersion
FNDA:0,TestToken.contractVersion
DA:195,0
FNF:19
FNH:0
LF:58
LH:0
BRF:8
BRH:0
end_of_record
TN:
SF:test/helpers/kTokenProxy.sol
DA:15,48
FN:15,kTokenProxy.deployAndInitialize
FNDA:48,kTokenProxy.deployAndInitialize
DA:20,48
DA:23,48
DA:24,48
BRDA:24,0,0,-
DA:25,0
BRDA:25,1,0,-
BRDA:25,1,1,-
DA:27,0
DA:28,0
DA:31,0
DA:35,48
DA:43,0
FN:43,kTokenProxy.deployDeterministicAndInitialize
FNDA:0,kTokenProxy.deployDeterministicAndInitialize
DA:49,0
DA:52,0
DA:53,0
BRDA:53,2,0,-
DA:54,0
BRDA:54,3,0,-
BRDA:54,3,1,-
DA:56,0
DA:57,0
DA:60,0
DA:64,0
FNF:2
FNH:1
LF:18
LH:5
BRF:6
BRH:0
end_of_record
TN:
SF:test/utils/BaseTest.sol
DA:56,47
FN:56,BaseTest.setUp
FNDA:47,BaseTest.setUp
DA:57,47
DA:60,47
DA:63,47
DA:66,47
DA:69,47
DA:73,47
FN:73,BaseTest._createUsers
FNDA:47,BaseTest._createUsers
DA:74,47
DA:76,47
DA:77,47
DA:78,47
DA:79,47
DA:80,47
DA:81,47
DA:82,47
DA:83,47
DA:87,47
FN:87,BaseTest._setupFork
FNDA:47,BaseTest._setupFork
DA:88,0
BRDA:88,0,0,-
DA:89,0
DA:90,0
DA:91,0
DA:94,0
DA:99,47
FN:99,BaseTest._deployMockTokens
FNDA:47,BaseTest._deployMockTokens
DA:100,47
DA:101,47
DA:103,47
BRDA:103,1,0,47
DA:104,47
DA:107,47
DA:108,47
DA:109,47
DA:111,47
DA:112,47
DA:117,47
FN:117,BaseTest._labelAddresses
FNDA:47,BaseTest._labelAddresses
DA:118,47
DA:119,47
DA:120,47
DA:121,47
DA:122,47
DA:123,47
DA:124,47
DA:125,47
DA:127,47
DA:128,47
DA:130,0
BRDA:130,2,0,-
DA:131,0
DA:136,0
FN:136,BaseTest.enableMainnetFork
FNDA:0,BaseTest.enableMainnetFork
DA:137,0
DA:138,0
DA:142,1
FN:142,BaseTest.mintTokens
FNDA:1,BaseTest.mintTokens
DA:143,0
BRDA:143,3,0,-
BRDA:143,3,1,1
DA:144,0
DA:146,1
DA:151,0
FN:151,BaseTest.getBalance
FNDA:0,BaseTest.getBalance
DA:152,0
DA:156,0
FN:156,BaseTest.requireMainnetFork
FNDA:0,BaseTest.requireMainnetFork
DA:157,0
DA:159,0
DA:160,0
FNF:9
FNH:6
LF:58
LH:40
BRF:5
BRH:2
end_of_record
TN:
SF:test/utils/Utilities.sol
DA:13,376
FN:13,Utilities.createUser
FNDA:376,Utilities.createUser
DA:14,376
DA:15,376
DA:16,376
DA:17,0
DA:19,0
DA:25,0
FN:25,Utilities.createUser
FNDA:0,Utilities.createUser
DA:26,0
DA:27,0
DA:31,0
FN:31,Utilities.mineBlocks
FNDA:0,Utilities.mineBlocks
DA:32,0
DA:33,0
DA:37,0
FN:37,Utilities.mineTime
FNDA:0,Utilities.mineTime
DA:38,0
DA:39,0
DA:43,0
FN:43,Utilities._getDecimals
FNDA:0,Utilities._getDecimals
DA:44,0
DA:45,0
DA:46,0
DA:47,0
DA:52,0
FN:52,Utilities.getDecimals
FNDA:0,Utilities.getDecimals
DA:54,0
DA:55,0
BRDA:55,0,0,-
DA:56,0
DA:58,0
DA:62,0
FN:62,Utilities.mintTokens
FNDA:0,Utilities.mintTokens
DA:63,0
DA:67,0
FN:67,Utilities.approveTokens
FNDA:0,Utilities.approveTokens
DA:68,0
DA:69,0
DA:73,0
FN:73,Utilities.transferTokens
FNDA:0,Utilities.transferTokens
DA:74,0
DA:75,0
FNF:9
FNH:1
LF:33
LH:4
BRF:1
BRH:0
end_of_record
